Thu Aug 28 18:23:32 2014				Page     1


 
Update Symbols/Modules Logfile
	Thu Aug 28 18:23:32 2014

------ Module Refresh Messages ------

SUMMARY:    Updated 0 out of 0 modules

------ End Module Messages     ------



(---------------------------------------------------------------------)
(                                                                     )
(    Refresh Symbol                                                   )
(                                                                     )
(    Drawing          : NIR.brd                                       )
(    Software Version : 16.5P002                                      )
(    Date/Time        : Thu Aug 28 18:23:32 2014                      )
(                                                                     )
(---------------------------------------------------------------------)


Thu Aug 28 18:23:32 2014				Page     1


------ Symbol Refresh Directives ------

Input design = 'C:/Users/uuy/nir_usb/DSN/NIR.brd'
Output design = ''
Update mechanical symbols = 'NO'
Update format symbols = 'NO'
Update package symbols = 'YES'
Update shape/flash symbols = 'YES'
Update symbol padstacks = 'NO'
Reset symbol text and size locations = 'NO'
Reset Pin Escapes (fanouts) = 'NO'
Ripup Etch = 'NO'
Reset custom drill data = 'NO'


------ Library Paths ------
PSMPATH =  . 
           symbols 
           .. 
           ../symbols 
           D:/Cadence/SPB_16.5/share/local/pcb/symbols 
           D:/Cadence/SPB_16.5/share/pcb/pcb_lib/symbols 
           D:/Cadence/SPB_16.5/share/pcb/allegrolib/symbols 
           E:\¿ÎÌâ\¼¤¹â¹âÆ×\ÕÔ²©0822\PCB\footprint\ 
           E:\Cadence Library\FOOTPRINT\ 

PADPATH =  . 
           symbols 
           .. 
           ../symbols 
           D:/Cadence/SPB_16.5/share/local/pcb/padstacks 
           D:/Cadence/SPB_16.5/share/pcb/pcb_lib/symbols 
           D:/Cadence/SPB_16.5/share/pcb/allegrolib/symbols 
           E:\¿ÎÌâ\¼¤¹â¹âÆ×\ÕÔ²©0822\PCB\footprint\pads\ 
           E:\Cadence Library\FOOTPRINT\PADS\ 


------ Symbol Refresh Messages ------

'0805'  symbol refreshed successfully.
'0603'  symbol refreshed successfully.
'AD7961'  symbol refreshed successfully.
'SMB'  symbol refreshed successfully.
'ADA4932'  symbol refreshed successfully.
'DC12'  symbol refreshed successfully.
'SOIC127P600X175-8N'  symbol refreshed successfully.
'INDU127'  symbol refreshed successfully.
'AMS1117'  symbol refreshed successfully.
'USB-B'  symbol refreshed successfully.
'CO4305'  symbol refreshed successfully.
'74LCT125'  symbol refreshed successfully.
'XCS200A'  symbol refreshed successfully.
'M25P80'  symbol refreshed successfully.
'FT232H'  symbol refreshed successfully.
'SWITCH2'  symbol refreshed successfully.
'SMA'  symbol refreshed successfully.
'1206'  symbol refreshed successfully.
'JTAG'  symbol refreshed successfully.
'P2L4'  symbol refreshed successfully.
'P12'  symbol refreshed successfully.

'HEADER2'  symbol starting to refresh:
     WARNING(SPMHNI-252): 'HEADER2' symbol unable to find in directory search path.
'TR07X11X04-45'  symbol refreshed successfully.
'AB00'  symbol refreshed successfully.
'TR19X23X05-D'  symbol refreshed successfully.


----- Symbol Update Summary ----

Completed refreshing all symbols successfully. Warnings detected.
       0  errors detected.
       1  warnings detected.
